<?xml version="1.0" encoding="UTF-8"?>
<testng-results ignored="0" total="1" passed="1" failed="0" skipped="0">
  <reporter-output>
  </reporter-output>
  <suite started-at="2023-07-14T15:40:51 IST" name="com.testng.sampleTest" finished-at="2023-07-14T15:40:57 IST" duration-ms="6048">
    <groups>
    </groups>
    <test started-at="2023-07-14T15:40:51 IST" name="Command line test" finished-at="2023-07-14T15:40:57 IST" duration-ms="6048">
      <class name="com.testng.sampleTest">
        <test-method is-config="true" signature="BeforeTest()[pri:0, instance:com.testng.sampleTest@7d20d0b]" started-at="2023-07-14T15:40:51 IST" name="BeforeTest" finished-at="2023-07-14T15:40:52 IST" duration-ms="1961" status="PASS">
          <reporter-output>
          </reporter-output>
        </test-method> <!-- BeforeTest -->
        <test-method signature="Test()[pri:0, instance:com.testng.sampleTest@7d20d0b]" started-at="2023-07-14T15:40:53 IST" name="Test" finished-at="2023-07-14T15:40:57 IST" duration-ms="4055" status="PASS">
          <reporter-output>
          </reporter-output>
        </test-method> <!-- Test -->
      </class> <!-- com.testng.sampleTest -->
    </test> <!-- Command line test -->
  </suite> <!-- com.testng.sampleTest -->
</testng-results>
