<?xml version="1.0" encoding="UTF-8"?>
<testng-results ignored="0" total="1" passed="1" failed="0" skipped="0">
  <reporter-output>
  </reporter-output>
  <suite started-at="2023-07-14T15:42:23 IST" name="Default suite" finished-at="2023-07-14T15:42:26 IST" duration-ms="3637">
    <groups>
    </groups>
    <test started-at="2023-07-14T15:42:23 IST" name="Default test" finished-at="2023-07-14T15:42:26 IST" duration-ms="3637">
      <class name="com.testng.sampleTest">
        <test-method is-config="true" signature="BeforeTest()[pri:0, instance:com.testng.sampleTest@2e385cce]" started-at="2023-07-14T15:42:23 IST" name="BeforeTest" finished-at="2023-07-14T15:42:24 IST" duration-ms="1772" status="PASS">
          <reporter-output>
          </reporter-output>
        </test-method> <!-- BeforeTest -->
        <test-method signature="Test()[pri:0, instance:com.testng.sampleTest@2e385cce]" started-at="2023-07-14T15:42:24 IST" name="Test" finished-at="2023-07-14T15:42:26 IST" duration-ms="1828" status="PASS">
          <reporter-output>
          </reporter-output>
        </test-method> <!-- Test -->
      </class> <!-- com.testng.sampleTest -->
    </test> <!-- Default test -->
  </suite> <!-- Default suite -->
</testng-results>
